2016.04.13 15:04 B C:\Users\pricca\Documents\Visual Studio 2013\Projects\mysite.eu\images\back_iStock_000019033569Small.png <-- paoloricca.eu /paoloricca.eu/images back_iStock_000019033569Small.png
2016.04.13 15:04 B C:\Users\pricca\Documents\Visual Studio 2013\Projects\mysite.eu\images\back_left.png <-- paoloricca.eu /paoloricca.eu/images back_left.png
2016.04.13 15:04 B C:\Users\pricca\Documents\Visual Studio 2013\Projects\mysite.eu\images\back_phone.jpg <-- paoloricca.eu /paoloricca.eu/images back_phone.jpg
2016.04.13 15:04 B C:\Users\pricca\Documents\Visual Studio 2013\Projects\mysite.eu\images\back_phone.png <-- paoloricca.eu /paoloricca.eu/images back_phone.png
2016.04.13 15:04 B C:\Users\pricca\Documents\Visual Studio 2013\Projects\mysite.eu\images\back_phone_magenta.png <-- paoloricca.eu /paoloricca.eu/images back_phone_magenta.png
2016.04.13 15:04 B C:\Users\pricca\Documents\Visual Studio 2013\Projects\mysite.eu\images\back_right.png <-- paoloricca.eu /paoloricca.eu/images back_right.png
2016.04.13 15:04 B C:\Users\pricca\Documents\Visual Studio 2013\Projects\mysite.eu\images\background_tile.png <-- paoloricca.eu /paoloricca.eu/images background_tile.png
2016.04.13 15:04 B C:\Users\pricca\Documents\Visual Studio 2013\Projects\mysite.eu\images\backintro.png <-- paoloricca.eu /paoloricca.eu/images backintro.png
2016.04.13 15:04 B C:\Users\pricca\Documents\Visual Studio 2013\Projects\mysite.eu\images\bg_sign.png <-- paoloricca.eu /paoloricca.eu/images bg_sign.png
2016.04.13 15:04 B C:\Users\pricca\Documents\Visual Studio 2013\Projects\mysite.eu\images\bg_sourcecode.png <-- paoloricca.eu /paoloricca.eu/images bg_sourcecode.png
2016.04.13 15:04 B C:\Users\pricca\Documents\Visual Studio 2013\Projects\mysite.eu\images\computer-820281_960_720.jpg <-- paoloricca.eu /paoloricca.eu/images computer-820281_960_720.jpg
2016.04.13 15:04 B C:\Users\pricca\Documents\Visual Studio 2013\Projects\mysite.eu\images\computer-laptop-work-office.jpg <-- paoloricca.eu /paoloricca.eu/images computer-laptop-work-office.jpg
2016.04.13 15:04 B C:\Users\pricca\Documents\Visual Studio 2013\Projects\mysite.eu\images\identita.png <-- paoloricca.eu /paoloricca.eu/images identita.png
2016.04.13 15:04 B C:\Users\pricca\Documents\Visual Studio 2013\Projects\mysite.eu\images\identita_left.png <-- paoloricca.eu /paoloricca.eu/images identita_left.png
2016.04.13 15:04 B C:\Users\pricca\Documents\Visual Studio 2013\Projects\mysite.eu\images\logo_ue.png <-- paoloricca.eu /paoloricca.eu/images logo_ue.png
2016.04.13 15:04 B C:\Users\pricca\Documents\Visual Studio 2013\Projects\mysite.eu\images\MasterPage.master <-- paoloricca.eu /paoloricca.eu/images MasterPage.master
2016.04.13 15:04 B C:\Users\pricca\Documents\Visual Studio 2013\Projects\mysite.eu\images\mySign.png <-- paoloricca.eu /paoloricca.eu/images mySign.png
2016.04.13 15:04 B C:\Users\pricca\Documents\Visual Studio 2013\Projects\mysite.eu\images\phoneBox.png <-- paoloricca.eu /paoloricca.eu/images phoneBox.png
2016.04.13 15:04 B C:\Users\pricca\Documents\Visual Studio 2013\Projects\mysite.eu\images\photodune-1.jpg <-- paoloricca.eu /paoloricca.eu/images photodune-1.jpg
2016.04.13 15:04 B C:\Users\pricca\Documents\Visual Studio 2013\Projects\mysite.eu\images\pr_intro - Copia.jpg <-- paoloricca.eu /paoloricca.eu/images pr_intro - Copia.jpg
2016.04.13 15:04 B C:\Users\pricca\Documents\Visual Studio 2013\Projects\mysite.eu\images\pr_intro.jpg <-- paoloricca.eu /paoloricca.eu/images pr_intro.jpg
2016.04.13 15:04 B C:\Users\pricca\Documents\Visual Studio 2013\Projects\mysite.eu\images\pr_intro_small.jpg <-- paoloricca.eu /paoloricca.eu/images pr_intro_small.jpg
2016.04.13 15:04 B C:\Users\pricca\Documents\Visual Studio 2013\Projects\mysite.eu\images\pr_sign.png <-- paoloricca.eu /paoloricca.eu/images pr_sign.png
