2016.04.13 14:59 B C:\Users\pricca\Documents\Visual Studio 2013\Projects\mysite.eu\assets\less\twbs-222\accordion.less <-- paoloricca.eu /paoloricca.eu/assets/less/twbs-222 accordion.less
2016.04.13 14:59 B C:\Users\pricca\Documents\Visual Studio 2013\Projects\mysite.eu\assets\less\twbs-222\alerts.less <-- paoloricca.eu /paoloricca.eu/assets/less/twbs-222 alerts.less
2016.04.13 14:59 B C:\Users\pricca\Documents\Visual Studio 2013\Projects\mysite.eu\assets\less\twbs-222\bootstrap.less <-- paoloricca.eu /paoloricca.eu/assets/less/twbs-222 bootstrap.less
2016.04.13 14:59 B C:\Users\pricca\Documents\Visual Studio 2013\Projects\mysite.eu\assets\less\twbs-222\breadcrumbs.less <-- paoloricca.eu /paoloricca.eu/assets/less/twbs-222 breadcrumbs.less
2016.04.13 14:59 B C:\Users\pricca\Documents\Visual Studio 2013\Projects\mysite.eu\assets\less\twbs-222\button-groups.less <-- paoloricca.eu /paoloricca.eu/assets/less/twbs-222 button-groups.less
2016.04.13 14:59 B C:\Users\pricca\Documents\Visual Studio 2013\Projects\mysite.eu\assets\less\twbs-222\buttons.less <-- paoloricca.eu /paoloricca.eu/assets/less/twbs-222 buttons.less
2016.04.13 14:59 B C:\Users\pricca\Documents\Visual Studio 2013\Projects\mysite.eu\assets\less\twbs-222\carousel.less <-- paoloricca.eu /paoloricca.eu/assets/less/twbs-222 carousel.less
2016.04.13 14:59 B C:\Users\pricca\Documents\Visual Studio 2013\Projects\mysite.eu\assets\less\twbs-222\close.less <-- paoloricca.eu /paoloricca.eu/assets/less/twbs-222 close.less
2016.04.13 14:59 B C:\Users\pricca\Documents\Visual Studio 2013\Projects\mysite.eu\assets\less\twbs-222\code.less <-- paoloricca.eu /paoloricca.eu/assets/less/twbs-222 code.less
2016.04.13 14:59 B C:\Users\pricca\Documents\Visual Studio 2013\Projects\mysite.eu\assets\less\twbs-222\component-animations.less <-- paoloricca.eu /paoloricca.eu/assets/less/twbs-222 component-animations.less
2016.04.13 14:59 B C:\Users\pricca\Documents\Visual Studio 2013\Projects\mysite.eu\assets\less\twbs-222\dropdowns.less <-- paoloricca.eu /paoloricca.eu/assets/less/twbs-222 dropdowns.less
2016.04.13 14:59 B C:\Users\pricca\Documents\Visual Studio 2013\Projects\mysite.eu\assets\less\twbs-222\forms.less <-- paoloricca.eu /paoloricca.eu/assets/less/twbs-222 forms.less
2016.04.13 14:59 B C:\Users\pricca\Documents\Visual Studio 2013\Projects\mysite.eu\assets\less\twbs-222\grid.less <-- paoloricca.eu /paoloricca.eu/assets/less/twbs-222 grid.less
2016.04.13 14:59 B C:\Users\pricca\Documents\Visual Studio 2013\Projects\mysite.eu\assets\less\twbs-222\hero-unit.less <-- paoloricca.eu /paoloricca.eu/assets/less/twbs-222 hero-unit.less
2016.04.13 14:59 B C:\Users\pricca\Documents\Visual Studio 2013\Projects\mysite.eu\assets\less\twbs-222\labels-badges.less <-- paoloricca.eu /paoloricca.eu/assets/less/twbs-222 labels-badges.less
2016.04.13 15:00 B C:\Users\pricca\Documents\Visual Studio 2013\Projects\mysite.eu\assets\less\twbs-222\layouts.less <-- paoloricca.eu /paoloricca.eu/assets/less/twbs-222 layouts.less
2016.04.13 15:00 B C:\Users\pricca\Documents\Visual Studio 2013\Projects\mysite.eu\assets\less\twbs-222\media.less <-- paoloricca.eu /paoloricca.eu/assets/less/twbs-222 media.less
2016.04.13 15:00 B C:\Users\pricca\Documents\Visual Studio 2013\Projects\mysite.eu\assets\less\twbs-222\mixins.less <-- paoloricca.eu /paoloricca.eu/assets/less/twbs-222 mixins.less
2016.04.13 15:00 B C:\Users\pricca\Documents\Visual Studio 2013\Projects\mysite.eu\assets\less\twbs-222\modals.less <-- paoloricca.eu /paoloricca.eu/assets/less/twbs-222 modals.less
2016.04.13 15:00 B C:\Users\pricca\Documents\Visual Studio 2013\Projects\mysite.eu\assets\less\twbs-222\navbar.less <-- paoloricca.eu /paoloricca.eu/assets/less/twbs-222 navbar.less
2016.04.13 15:00 B C:\Users\pricca\Documents\Visual Studio 2013\Projects\mysite.eu\assets\less\twbs-222\navs.less <-- paoloricca.eu /paoloricca.eu/assets/less/twbs-222 navs.less
2016.04.13 15:00 B C:\Users\pricca\Documents\Visual Studio 2013\Projects\mysite.eu\assets\less\twbs-222\pager.less <-- paoloricca.eu /paoloricca.eu/assets/less/twbs-222 pager.less
2016.04.13 15:00 B C:\Users\pricca\Documents\Visual Studio 2013\Projects\mysite.eu\assets\less\twbs-222\pagination.less <-- paoloricca.eu /paoloricca.eu/assets/less/twbs-222 pagination.less
2016.04.13 15:00 B C:\Users\pricca\Documents\Visual Studio 2013\Projects\mysite.eu\assets\less\twbs-222\popovers.less <-- paoloricca.eu /paoloricca.eu/assets/less/twbs-222 popovers.less
2016.04.13 15:00 B C:\Users\pricca\Documents\Visual Studio 2013\Projects\mysite.eu\assets\less\twbs-222\progress-bars.less <-- paoloricca.eu /paoloricca.eu/assets/less/twbs-222 progress-bars.less
2016.04.13 15:00 B C:\Users\pricca\Documents\Visual Studio 2013\Projects\mysite.eu\assets\less\twbs-222\reset.less <-- paoloricca.eu /paoloricca.eu/assets/less/twbs-222 reset.less
2016.04.13 15:00 B C:\Users\pricca\Documents\Visual Studio 2013\Projects\mysite.eu\assets\less\twbs-222\responsive-1200px-min.less <-- paoloricca.eu /paoloricca.eu/assets/less/twbs-222 responsive-1200px-min.less
2016.04.13 15:00 B C:\Users\pricca\Documents\Visual Studio 2013\Projects\mysite.eu\assets\less\twbs-222\responsive-767px-max.less <-- paoloricca.eu /paoloricca.eu/assets/less/twbs-222 responsive-767px-max.less
2016.04.13 15:00 B C:\Users\pricca\Documents\Visual Studio 2013\Projects\mysite.eu\assets\less\twbs-222\responsive-768px-979px.less <-- paoloricca.eu /paoloricca.eu/assets/less/twbs-222 responsive-768px-979px.less
2016.04.13 15:00 B C:\Users\pricca\Documents\Visual Studio 2013\Projects\mysite.eu\assets\less\twbs-222\responsive-navbar.less <-- paoloricca.eu /paoloricca.eu/assets/less/twbs-222 responsive-navbar.less
2016.04.13 15:00 B C:\Users\pricca\Documents\Visual Studio 2013\Projects\mysite.eu\assets\less\twbs-222\responsive-utilities.less <-- paoloricca.eu /paoloricca.eu/assets/less/twbs-222 responsive-utilities.less
2016.04.13 15:00 B C:\Users\pricca\Documents\Visual Studio 2013\Projects\mysite.eu\assets\less\twbs-222\responsive.less <-- paoloricca.eu /paoloricca.eu/assets/less/twbs-222 responsive.less
2016.04.13 15:00 B C:\Users\pricca\Documents\Visual Studio 2013\Projects\mysite.eu\assets\less\twbs-222\scaffolding.less <-- paoloricca.eu /paoloricca.eu/assets/less/twbs-222 scaffolding.less
2016.04.13 15:00 B C:\Users\pricca\Documents\Visual Studio 2013\Projects\mysite.eu\assets\less\twbs-222\sprites.less <-- paoloricca.eu /paoloricca.eu/assets/less/twbs-222 sprites.less
2016.04.13 15:00 B C:\Users\pricca\Documents\Visual Studio 2013\Projects\mysite.eu\assets\less\twbs-222\tables.less <-- paoloricca.eu /paoloricca.eu/assets/less/twbs-222 tables.less
2016.04.13 15:00 B C:\Users\pricca\Documents\Visual Studio 2013\Projects\mysite.eu\assets\less\twbs-222\thumbnails.less <-- paoloricca.eu /paoloricca.eu/assets/less/twbs-222 thumbnails.less
2016.04.13 15:00 B C:\Users\pricca\Documents\Visual Studio 2013\Projects\mysite.eu\assets\less\twbs-222\tooltip.less <-- paoloricca.eu /paoloricca.eu/assets/less/twbs-222 tooltip.less
2016.04.13 15:00 B C:\Users\pricca\Documents\Visual Studio 2013\Projects\mysite.eu\assets\less\twbs-222\type.less <-- paoloricca.eu /paoloricca.eu/assets/less/twbs-222 type.less
2016.04.13 15:00 B C:\Users\pricca\Documents\Visual Studio 2013\Projects\mysite.eu\assets\less\twbs-222\utilities.less <-- paoloricca.eu /paoloricca.eu/assets/less/twbs-222 utilities.less
2016.04.13 15:00 B C:\Users\pricca\Documents\Visual Studio 2013\Projects\mysite.eu\assets\less\twbs-222\variables.less <-- paoloricca.eu /paoloricca.eu/assets/less/twbs-222 variables.less
2016.04.13 15:00 B C:\Users\pricca\Documents\Visual Studio 2013\Projects\mysite.eu\assets\less\twbs-222\wells.less <-- paoloricca.eu /paoloricca.eu/assets/less/twbs-222 wells.less
